['/locker/usb-monitor.py']['usb-monitor.py']['/locker/usb-monitor.py', 'remove', 'USB_DISK', 'SMI']['/locker/usb-monitor.py', 'remove', 'USB_DISK', 'SMI']['/locker/usb-monitor.py', 'remove', 'USB_2.0_Hub__Safe_', '1a40']['/locker/usb-monitor.py', 'remove', 'USB_DISK', 'SMI']['/locker/usb-monitor.py', 'remove', 'USB_2.0_Hub__Safe_', '1a40']['/locker/usb-monitor.py', 'remove', 'USB_DISK', 'SMI']['/locker/usb-monitor.py']
['/locker/usb-monitor.py', 'remove', 'USB_Hub_2.0', 'ALCOR']
['/locker/usb-monitor.py', 'remove', 'USB_DISK', 'SMI']
['/locker/usb-monitor.py', 'remove', 'USB_DISK', 'SMI']
['/locker/usb-monitor.py', 'remove', 'USB_DISK', 'SMI']
['/locker/usb-monitor.py', 'remove', 'USB_DISK', 'SMI']
['/locker/usb-monitor.py', 'remove', 'USB_DISK', 'SMI']
['/locker/usb-monitor.py', '1', 'remove', '2', '3', 'USB_Hub_2.0', '4', 'ALCOR', '5', 'ALCOR_USB_Hub_2.0']
['/locker/usb-monitor.py', '1', 'remove', '2', '3', 'USB_DISK', '4', 'SMI', '5', 'SMI_USB_DISK-0:0']
['/locker/usb-monitor.py', '1', 'remove', '2', '3', 'USB_Hub_2.0', '4', 'ALCOR', '5', 'ALCOR_USB_Hub_2.0']
['/locker/usb-monitor.py', '1', 'remove', '2', '3', 'USB_DISK', '4', 'SMI', '5', 'SMI_USB_DISK-0:0']
['/locker/usb-monitor.py', '1', 'remove', '2', '3', 'USB_Hub_2.0', '4', 'ALCOR', '5', 'ALCOR_USB_Hub_2.0']
['/locker/usb-monitor.py', '1', 'remove', '2', '3', 'USB_DISK', '4', 'SMI', '5', 'SMI_USB_DISK-0:0']
['/locker/usb-monitor.py', '1', 'remove', '2', '3', 'USB_Hub_2.0', '4', 'ALCOR', '5', 'ALCOR_USB_Hub_2.0']
['/locker/usb-monitor.py', '1', 'remove', '2', '3', 'USB_DISK', '4', 'SMI', '5', 'SMI_USB_DISK-0:0']
['/locker/usb-monitor.py', '1', 'remove', '2', '3', 'USB_Hub_2.0', '4', 'ALCOR', '5', 'ALCOR_USB_Hub_2.0']
['/locker/usb-monitor.py', '1', 'remove', '2', '3', 'USB_DISK', '4', 'SMI', '5', 'SMI_USB_DISK-0:0']
['/locker/usb-monitor.py', '1', 'remove', '2', '3', 'USB_Hub_2.0', '4', 'ALCOR', '5', 'ALCOR_USB_Hub_2.0']
['/locker/usb-monitor.py', '1', 'remove', '2', '3', 'USB_DISK', '4', 'SMI', '5', 'SMI_USB_DISK-0:0']
['/locker/usb-monitor.py', '1', 'remove', '2', '3', 'USB_DISK', '4', 'SMI', '5', 'SMI_USB_DISK-0:0']
['/locker/usb-monitor.py', '1', 'remove', '2', '3', 'USB_DISK', '4', 'SMI', '5', 'SMI_USB_DISK-0:0']
['/locker/usb-monitor.py', '1', 'remove', '2', '3', 'USB_DISK', '4', 'SMI', '5', 'SMI_USB_DISK-0:0']
['/locker/usb-monitor.py', '1', 'remove', '2', '3', 'USB_DISK', '4', 'SMI', '5', 'SMI_USB_DISK-0:0']
['/locker/usb-monitor.py', '1', 'remove', '2', '3', 'USB_DISK', '4', 'SMI', '5', 'SMI_USB_DISK-0:0']
['/locker/usb-monitor.py', '1', 'remove', '2', '3', 'USB_DISK', '4', 'SMI', '5', 'SMI_USB_DISK-0:0']
['/locker/usb-monitor.py', '1', 'remove', '2', '3', 'USB_DISK', '4', 'SMI', '5', 'SMI_USB_DISK-0:0']
['/locker/usb-monitor.py', '1', 'remove', '2', '3', 'USB_DISK', '4', 'SMI', '5', 'SMI_USB_DISK-0:0']
['/locker/usb-monitor.py', '1', 'remove', '2', '3', 'USB_DISK', '4', 'SMI', '5', 'SMI_USB_DISK-0:0']
['/locker/usb-monitor.py', '1', 'remove', '2', '3', 'USB_DISK', '4', 'SMI', '5', 'SMI_USB_DISK-0:0']
['/locker/usb-monitor.py', '1', 'remove', '2', '3', 'USB_DISK', '4', 'SMI', '5', 'SMI_USB_DISK-0:0']
['/locker/usb-monitor.py', '1', 'remove', '2', '3', 'USB_DISK', '4', 'SMI', '5', 'SMI_USB_DISK-0:0']
['/locker/usb-monitor.py', '1', 'remove', '2', '3', 'USB_DISK', '4', 'SMI', '5', 'SMI_USB_DISK-0:0']
['/locker/usb-monitor.py', '1', 'remove', '2', '3', 'USB_DISK', '4', 'SMI', '5', 'SMI_USB_DISK-0:0']
['/locker/usb-monitor.py', '1', 'remove', '2', '3', 'USB_DISK', '4', 'SMI', '5', 'SMI_USB_DISK-0:0']
['/locker/usb-monitor.py', '1', 'remove', '2', '3', 'USB_DISK', '4', 'SMI', '5', 'SMI_USB_DISK-0:0']
['/locker/usb-monitor.py', '1', 'remove', '2', '3', 'USB_DISK', '4', 'SMI', '5', 'SMI_USB_DISK-0:0']
['/locker/usb-monitor.py', '1', 'remove', '2', '3', 'USB_DISK', '4', 'SMI', '5', 'SMI_USB_DISK-0:0']
['/locker/usb-monitor.py', '1', 'remove', '2', '3', 'USB_DISK', '4', 'SMI', '5', 'SMI_USB_DISK-0:0']
['/locker/usb-monitor.py', '1', 'remove', '2', '3', 'USB_DISK', '4', 'SMI', '5', 'SMI_USB_DISK-0:0']
['/locker/usb-monitor.py', '1', 'remove', '2', '3', 'USB_DISK', '4', 'SMI', '5', 'SMI_USB_DISK-0:0']
['/locker/usb-monitor.py', '1', 'remove', '2', '3', '9514', '4', '0424', '5', '0424_9514']
['/locker/usb-monitor.py', '1', 'remove', '2', '3', 'USB_DISK', '4', 'SMI', '5', 'SMI_USB_DISK-0:0']
['/locker/usb-monitor.py', '1', 'remove', '2', '3', 'USB_DISK', '4', 'SMI', '5', 'SMI_USB_DISK-0:0']
['/locker/usb-monitor.py', '1', 'remove', '2', '3', 'USB_DISK', '4', 'SMI', '5', 'SMI_USB_DISK-0:0']
['/locker/usb-monitor.py', '1', 'remove', '2', '3', 'USB_DISK', '4', 'SMI', '5', 'SMI_USB_DISK-0:0']
['/locker/usb-monitor.py', '1', 'remove', '2', '3', 'USB_DISK', '4', 'SMI', '5', 'SMI_USB_DISK-0:0']
['/locker/usb-monitor.py', '1', 'remove', '2', '3', 'USB_DISK', '4', 'SMI', '5', 'SMI_USB_DISK-0:0']
['/locker/usb-monitor.py', '1', 'remove', '2', '3', 'USB_DISK', '4', 'SMI', '5', 'SMI_USB_DISK-0:0']
['/locker/usb-monitor.py', '1', 'remove', '2', '3', 'USB_DISK', '4', 'SMI', '5', 'SMI_USB_DISK-0:0']
['/locker/usb-monitor.py', '1', 'remove', '2', '3', 'USB_DISK', '4', 'SMI', '5', 'SMI_USB_DISK-0:0']
['/locker/usb-monitor.py', '1', 'remove', '2', '3', 'USB_DISK', '4', 'SMI', '5', 'SMI_USB_DISK-0:0']
['/locker/usb-monitor.py', '1', 'remove', '2', '3', 'USB_DISK', '4', 'SMI', '5', 'SMI_USB_DISK-0:0']
['/locker/usb-monitor.py', '1', 'remove', '2', '3', 'USB_DISK', '4', 'SMI', '5', 'SMI_USB_DISK-0:0']
['/locker/usb-monitor.py', '1', 'remove', '2', '3', 'USB_DISK', '4', 'SMI', '5', 'SMI_USB_DISK-0:0']
['/locker/usb-monitor.py', '1', 'remove', '2', '3', 'USB_DISK', '4', 'SMI', '5', 'SMI_USB_DISK-0:0']
['/locker/usb-monitor.py', '1', 'remove', '2', '3', 'USB_DISK', '4', 'SMI', '5', 'SMI_USB_DISK-0:0']
['/locker/usb-monitor.py', '1', 'remove', '2', '3', 'USB_DISK', '4', 'SMI', '5', 'SMI_USB_DISK-0:0']
['/locker/usb-monitor.py', '1', 'remove', '2', '3', 'USB_DISK', '4', 'SMI', '5', 'SMI_USB_DISK-0:0']
['/locker/usb-monitor.py', '1', 'remove', '2', '3', 'USB_DISK', '4', 'SMI', '5', 'SMI_USB_DISK-0:0']
['/locker/usb-monitor.py', '1', 'remove', '2', '3', 'USB_DISK', '4', 'SMI', '5', 'SMI_USB_DISK-0:0']
['/locker/usb-monitor.py', '1', 'remove', '2', '3', 'USB_DISK', '4', 'SMI', '5', 'SMI_USB_DISK-0:0']
['/locker/usb-monitor.py', '1', 'remove', '2', '3', 'USB_DISK', '4', 'SMI', '5', 'SMI_USB_DISK-0:0']
['/locker/usb-monitor.py', '1', 'remove', '2', '3', 'USB_DISK', '4', 'SMI', '5', 'SMI_USB_DISK-0:0']
['/locker/usb-monitor.py', '1', 'remove', '2', '3', 'USB_DISK', '4', 'SMI', '5', 'SMI_USB_DISK-0:0']
['/locker/usb-monitor.py', '1', 'remove', '2', '3', 'USB_DISK', '4', 'SMI', '5', 'SMI_USB_DISK-0:0']
['/locker/usb-monitor.py', '1', 'remove', '2', '3', 'USB_DISK', '4', 'SMI', '5', 'SMI_USB_DISK-0:0']
['/locker/usb-monitor.py', '1', 'remove', '2', '3', 'USB_DISK', '4', 'SMI', '5', 'SMI_USB_DISK-0:0']
['/locker/usb-monitor.py', '1', 'remove', '2', '3', 'USB_DISK', '4', 'SMI', '5', 'SMI_USB_DISK-0:0']
['/locker/usb-monitor.py', '1', 'remove', '2', '3', 'USB_DISK', '4', 'SMI', '5', 'SMI_USB_DISK-0:0']
['/locker/usb-monitor.py', '1', 'remove', '2', '3', 'USB_DISK', '4', 'SMI', '5', 'SMI_USB_DISK-0:0']
['/locker/usb-monitor.py', '1', 'remove', '2', '3', 'USB_DISK', '4', 'SMI', '5', 'SMI_USB_DISK-0:0']
['/locker/usb-monitor.py', '1', 'remove', '2', '3', 'USB_DISK', '4', 'SMI', '5', 'SMI_USB_DISK-0:0']
['/locker/usb-monitor.py', '1', 'remove', '2', '3', 'USB_DISK', '4', 'SMI', '5', 'SMI_USB_DISK-0:0']
['/locker/usb-monitor.py', '1', 'remove', '2', '3', 'USB_DISK', '4', 'SMI', '5', 'SMI_USB_DISK-0:0']
['/locker/usb-monitor.py', '1', 'remove', '2', '3', 'USB_DISK', '4', 'SMI', '5', 'SMI_USB_DISK-0:0']
['/locker/usb-monitor.py', '1', 'remove', '2', '3', 'USB_DISK', '4', 'SMI', '5', 'SMI_USB_DISK-0:0']
['/locker/usb-monitor.py', '1', 'remove', '2', '3', 'USB_DISK', '4', 'SMI', '5', 'SMI_USB_DISK-0:0']
['/locker/usb-monitor.py', '1', 'remove', '2', '3', 'USB_Hub_2.0', '4', 'ALCOR', '5', 'ALCOR_USB_Hub_2.0']
['/locker/usb-monitor.py', '1', 'remove', '2', '3', 'USB_DISK', '4', 'SMI', '5', 'SMI_USB_DISK-0:0']
['/locker/usb-monitor.py', '1', 'remove', '2', '3', 'USB_DISK', '4', 'SMI', '5', 'SMI_USB_DISK-0:0']
['/locker/usb-monitor.py', '1', 'remove', '2', '3', 'USB_DISK', '4', 'SMI', '5', 'SMI_USB_DISK-0:0']
['/locker/usb-monitor.py', '1', 'remove', '2', '3', 'USB_DISK', '4', 'SMI', '5', 'SMI_USB_DISK-0:0']
['/locker/usb-monitor.py', '1', 'remove', '2', '3', 'USB_DISK', '4', 'SMI', '5', 'SMI_USB_DISK-0:0']
['/locker/usb-monitor.py', '1', 'remove', '2', '3', 'USB_Hub_2.0', '4', 'ALCOR', '5', 'ALCOR_USB_Hub_2.0']
['/locker/usb-monitor.py', '1', 'remove', '2', '3', 'USB_DISK', '4', 'SMI', '5', 'SMI_USB_DISK-0:0']
['/locker/usb-monitor.py', '1', 'remove', '2', '3', 'USB_Hub_2.0', '4', 'ALCOR', '5', 'ALCOR_USB_Hub_2.0']
['/locker/usb-monitor.py', '1', 'remove', '2', '3', 'USB_DISK', '4', 'SMI', '5', 'SMI_USB_DISK-0:0']
['/locker/usb-monitor.py', '1', 'remove', '2', '3', 'USB_Hub_2.0', '4', 'ALCOR', '5', 'ALCOR_USB_Hub_2.0']
['/locker/usb-monitor.py', '1', 'remove', '2', '3', 'USB_DISK', '4', 'SMI', '5', 'SMI_USB_DISK-0:0']
['/locker/usb-monitor.py', '1', 'remove', '2', '3', 'USB_DISK', '4', 'SMI', '5', 'SMI_USB_DISK-0:0']
['/locker/usb-monitor.py', '1', 'remove', '2', '3', 'USB_DISK', '4', 'SMI', '5', 'SMI_USB_DISK-0:0']
['/locker/usb-monitor.py', '1', 'remove', '2', '3', 'USB_DISK', '4', 'SMI', '5', 'SMI_USB_DISK-0:0']
['/locker/usb-monitor.py', '1', 'remove', '2', '3', 'USB_DISK', '4', 'SMI', '5', 'SMI_USB_DISK-0:0']
['/locker/usb-monitor.py', '1', 'remove', '2', '3', 'USB_DISK', '4', 'SMI', '5', 'SMI_USB_DISK-0:0']
['/locker/usb-monitor.py', '1', 'remove', '2', '3', 'USB_DISK', '4', 'SMI', '5', 'SMI_USB_DISK-0:0']
['/locker/usb-monitor.py', 'daaa']
['/locker/usb-monitor.py', 'daaa']
['/locker/usb-monitor.py', 'daaa']
['/locker/usb-monitor.py', 'daaa']
['/locker/usb-monitor.py', 'daaa']
['/locker/usb-monitor.py', 'daaa']
['/locker/usb-monitor.py', 'daaa']
['/locker/usb-monitor.py', 'daaa']
['/locker/usb-monitor.py', 'daaa']
['/locker/usb-monitor.py', 'daaa']
['/locker/usb-monitor.py', 'daaa']
['/locker/usb-monitor.py', '1', 'remove', '2', '3', 'USB_DISK', '4', 'SMI', '5', 'SMI_USB_DISK-0:0']
['/locker/usb-monitor.py', '1', 'remove', '2', '3', 'USB_DISK', '4', 'SMI', '5', 'SMI_USB_DISK-0:0']
['/locker/usb-monitor.py', '1', 'remove', '2', '3', '4', '5']
['/locker/usb-monitor.py', '1', 'remove', '2', '3', '4', '5']
['/locker/usb-monitor.py', '1', 'remove', '2', '3', '4', '5']
['/locker/usb-monitor.py', '1', 'remove', '2', '3', '4', '5']
['/locker/usb-monitor.py', '1', 'remove', '2', '3', '4', '5']
['/locker/usb-monitor.py', '1', 'remove', '2', '3', '4', '5']
['/locker/usb-monitor.py', '1', 'remove', '2', '3', '4', '5']
['/locker/usb-monitor.py', '1', 'remove', '2', '3', '4', '5']
['/locker/usb-monitor.py', '1', 'remove', '2', '3', '4', '5']
['/locker/usb-monitor.py', '1', 'remove', '2', '3', 'USB_DISK', '4', 'SMI', '5', 'SMI_USB_DISK-0:0']
['/locker/usb-monitor.py', '1', 'remove', '2', '3', 'USB_DISK', '4', 'SMI', '5', 'SMI_USB_DISK-0:0']
['/locker/usb-monitor.py', '1', 'remove', '2', '3', 'USB_DISK', '4', 'SMI', '5', 'SMI_USB_DISK-0:0']
['/locker/usb-monitor.py', '1', 'remove', '2', '3', 'USB_DISK', '4', 'SMI', '5', 'SMI_USB_DISK-0:0']
['/locker/usb-monitor.py', '1', 'remove', '2', '3', '4', '5']
['/locker/usb-monitor.py', '1', 'remove', '2', '3', '4', '5']
['/locker/usb-monitor.py', '1', 'remove', '2', '3', '4', '5']
['/locker/usb-monitor.py', '1', 'remove', '2', '3', '4', '5']
['/locker/usb-monitor.py', '1', 'remove', '2', '3', '4', '5']
['/locker/usb-monitor.py', '1', 'remove', '2', '3', '4', '5']
['/locker/usb-monitor.py', '1', 'remove', '2', '3', '4', '5']
['/locker/usb-monitor.py', '1', 'remove', '2', '3', '4', '5']
['/locker/usb-monitor.py', '1', 'remove', '2', '3', '4', '5']
['/locker/usb-monitor.py', '1', 'remove', '2', '3', 'USB_DISK', '4', 'SMI', '5', 'SMI_USB_DISK-0:0']
['/locker/usb-monitor.py', '1', 'remove', '2', '3', 'USB_DISK', '4', 'SMI', '5', 'SMI_USB_DISK-0:0']
['/locker/usb-monitor.py', '1', 'remove', '2', '3', 'USB_DISK', '4', 'SMI', '5', 'SMI_USB_DISK-0:0']
['/locker/usb-monitor.py', '1', 'remove', '2', '3', 'USB_DISK', '4', 'SMI', '5', 'SMI_USB_DISK-0:0']
['/locker/usb-monitor.py', '1', 'remove', '2', '3', 'USB_DISK', '4', 'SMI', '5', 'SMI_USB_DISK-0:0']
['/locker/usb-monitor.py', '1', 'remove', '2', '3', 'USB_DISK', '4', 'SMI', '5', 'SMI_USB_DISK-0:0']
['/locker/usb-monitor.py', '1', 'remove', '2', '3', 'USB_DISK', '4', 'SMI', '5', 'SMI_USB_DISK-0:0']
['/locker/usb-monitor.py', '1', 'remove', '2', '3', 'USB_DISK', '4', 'SMI', '5', 'SMI_USB_DISK-0:0']
['/locker/usb-monitor.py', '1', 'remove', '2', '3', 'USB_DISK', '4', 'SMI', '5', 'SMI_USB_DISK-0:0']
['/locker/usb-monitor.py', '1', 'remove', '2', '3', 'USB_DISK', '4', 'SMI', '5', 'SMI_USB_DISK-0:0']
['/locker/usb-monitor.py', '1', 'remove', '2', '3', 'USB_DISK', '4', 'SMI', '5', 'SMI_USB_DISK-0:0']
['/locker/usb-monitor.py', '1', 'remove', '2', '3', 'USB_DISK', '4', 'SMI', '5', 'SMI_USB_DISK-0:0']
['/locker/usb-monitor.py', 'USB_DISK', 'SMI_Corporation']
['/locker/usb-monitor.py']
['/locker/usb-monitor.py']
['/locker/usb-monitor.py']
['/locker/usb-monitor.py']
['/locker/usb-monitor.py']
['/locker/usb-monitor.py']
['/locker/usb-monitor.py']
['/locker/usb-monitor.py']
['/locker/usb-monitor.py']
['/locker/usb-monitor.py']
['/locker/usb-monitor.py', 'USB_DISK', 'SMI']
['/locker/usb-monitor.py', 'USB_DISK', 'SMI']
['/locker/usb-monitor.py', '1', 'remove', '2', '3', 'USB_DISK', '4', 'SMI', '5', 'SMI_USB_DISK-0:0']
['/locker/usb-monitor.py', '1', 'remove', '2', '3', 'USB_DISK', '4', 'SMI', '5', 'SMI_USB_DISK-0:0']
['/locker/usb-monitor.py', 'USB_DISK', 'SMI_Corporation']
['/locker/usb-monitor.py']
['/locker/usb-monitor.py']
['/locker/usb-monitor.py']
['/locker/usb-monitor.py']
['/locker/usb-monitor.py']
['/locker/usb-monitor.py']
['/locker/usb-monitor.py']
['/locker/usb-monitor.py']
['/locker/usb-monitor.py']
['/locker/usb-monitor.py']
['/locker/usb-monitor.py', 'USB_DISK', 'SMI']
['/locker/usb-monitor.py', 'USB_DISK', 'SMI']
['/locker/usb-monitor.py', '1', 'remove', '2', '3', 'USB_DISK', '4', 'SMI', '5', 'SMI_USB_DISK-0:0']
['/locker/usb-monitor.py', '1', 'remove', '2', '3', 'USB_DISK', '4', 'SMI', '5', 'SMI_USB_DISK-0:0']
['/locker/usb-monitor.py', 'add', 'USB_DISK', 'SMI_Corporation']
['/locker/usb-monitor.py', 'add']
['/locker/usb-monitor.py', 'add']
['/locker/usb-monitor.py', 'add']
['/locker/usb-monitor.py', 'add']
['/locker/usb-monitor.py', 'add']
['/locker/usb-monitor.py', 'add']
['/locker/usb-monitor.py', 'add']
['/locker/usb-monitor.py', 'add']
['/locker/usb-monitor.py', 'add']
['/locker/usb-monitor.py', 'add']
['/locker/usb-monitor.py', 'add', 'USB_DISK', 'SMI']
['/locker/usb-monitor.py', 'add', 'USB_DISK', 'SMI']
['/locker/usb-monitor.py', '1', 'remove', '2', '3', 'USB_DISK', '4', 'SMI', '5', 'SMI_USB_DISK-0:0']
['/locker/usb-monitor.py', '1', 'remove', '2', '3', 'USB_DISK', '4', 'SMI', '5', 'SMI_USB_DISK-0:0']
['/locker/usb-monitor.py', '1', 'remove', '2', '3', 'USB_Hub_2.0', '4', 'ALCOR', '5', 'ALCOR_USB_Hub_2.0']
['/locker/usb-monitor.py', '1', 'remove', '2', '3', 'USB_DISK', '4', 'SMI', '5', 'SMI_USB_DISK-0:0']
['/locker/usb-monitor.py', '1', 'remove', '2', '3', 'USB_DISK', '4', 'SMI', '5', 'SMI_USB_DISK-0:0']
['/locker/usb-monitor.py', '1', 'remove', '2', '3', 'USB_DISK', '4', 'SMI', '5', 'SMI_USB_DISK-0:0']
['/locker/usb-monitor.py', '1', 'remove', '2', '3', 'USB_Hub_2.0', '4', 'ALCOR', '5', 'ALCOR_USB_Hub_2.0']
['/locker/usb-monitor.py', '1', 'remove', '2', '3', 'USB_DISK', '4', 'SMI', '5', 'SMI_USB_DISK-0:0']
['/locker/usb-monitor.py', '1', 'add', '2', '3', '4', '5']
['/locker/usb-monitor.py', '1', 'add', '2', '3', '4', '5']
['/locker/usb-monitor.py', '1', 'add', '2', '3', '4', '5']
['/locker/usb-monitor.py', '1', 'add', '2', '3', '4', '5']
['/locker/usb-monitor.py', '1', 'add', '2', '3', '4', '5']
['/locker/usb-monitor.py', '1', 'add', '2', '3', '4', '5']
['/locker/usb-monitor.py', '1', 'add', '2', '3', '4', '5']
['/locker/usb-monitor.py', '1', 'add', '2', '3', '4', '5']
['/locker/usb-monitor.py', '1', 'add', '2', '3', '4', '5']
['/locker/usb-monitor.py', '1', 'add', '2', '3', 'USB_DISK', '4', 'SMI', '5', 'SMI_USB_DISK-0:0']
['/locker/usb-monitor.py', '1', 'add', '2', '3', 'USB_DISK', '4', 'SMI', '5', 'SMI_USB_DISK-0:0']
['/locker/usb-monitor.py', '1', 'remove', '2', '3', 'USB_DISK', '4', 'SMI', '5', 'SMI_USB_DISK-0:0']
['/locker/usb-monitor.py', '1', 'remove', '2', '3', 'USB_DISK', '4', 'SMI', '5', 'SMI_USB_DISK-0:0']
['/locker/usb-monitor.py', '1', 'remove', '2', '3', 'USB_DISK', '4', 'SMI', '5', 'SMI_USB_DISK-0:0']
['/locker/usb-monitor.py', '1', 'remove', '2', '3', 'USB_DISK', '4', 'SMI', '5', 'SMI_USB_DISK-0:0']
['/locker/usb-monitor.py', '1', 'add', '2', '3', 'USB_DISK', '4', 'SMI', '5', 'SMI_USB_DISK-0:0']
['/locker/usb-monitor.py', '1', 'add', '2', '3', 'USB_DISK', '4', 'SMI', '5', 'SMI_USB_DISK-0:0']
['/locker/usb-monitor.py', '1', 'remove', '2', '3', 'USB_DISK', '4', 'SMI', '5', 'SMI_USB_DISK-0:0']
['/locker/usb-monitor.py', '1', 'remove', '2', '3', 'USB_DISK', '4', 'SMI', '5', 'SMI_USB_DISK-0:0']
['/locker/usb-monitor.py', '1', 'add', '2', '3', 'USB_DISK', '4', 'SMI', '5', 'SMI_USB_DISK-0:0']
['/locker/usb-monitor.py', '1', 'add', '2', '3', 'USB_DISK', '4', 'SMI', '5', 'SMI_USB_DISK-0:0']
['/locker/usb-monitor.py', '1', 'remove', '2', '3', 'USB_DISK', '4', 'SMI', '5', 'SMI_USB_DISK-0:0']
['/locker/usb-monitor.py', '1', 'remove', '2', '3', 'USB_DISK', '4', 'SMI', '5', 'SMI_USB_DISK-0:0']
['/locker/usb-monitor.py', '1', 'add', '2', '3', 'USB_DISK', '4', 'SMI', '5', 'SMI_USB_DISK-0:0']
['/locker/usb-monitor.py', '1', 'add', '2', '3', 'USB_DISK', '4', 'SMI', '5', 'SMI_USB_DISK-0:0']
['/locker/usb-monitor.py', '1', 'remove', '2', '3', 'USB_DISK', '4', 'SMI', '5', 'SMI_USB_DISK-0:0']
['/locker/usb-monitor.py', '1', 'remove', '2', '3', 'USB_DISK', '4', 'SMI', '5', 'SMI_USB_DISK-0:0']
['/locker/usb-monitor.py', '1', 'remove', '2', '3', 'USB_Hub_2.0', '4', 'ALCOR', '5', 'ALCOR_USB_Hub_2.0']
['/locker/usb-monitor.py', '1', 'remove', '2', '3', 'USB_DISK', '4', 'SMI', '5', 'SMI_USB_DISK-0:0']
['/locker/usb-monitor.py', '1', 'remove', '2', '3', 'USB_DISK', '4', 'SMI', '5', 'SMI_USB_DISK-0:0']
['/locker/usb-monitor.py', '1', 'remove', '2', '3', 'USB_DISK', '4', 'SMI', '5', 'SMI_USB_DISK-0:0']
['/locker/usb-monitor.py', '1', 'remove', '2', '3', 'USB_DISK', '4', 'SMI', '5', 'SMI_USB_DISK-0:0']
['/locker/usb-monitor.py', '1', 'remove', '2', '3', 'USB_DISK', '4', 'SMI', '5', 'SMI_USB_DISK-0:0']
['/locker/usb-monitor.py', '1', 'remove', '2', '3', 'USB_DISK', '4', 'SMI', '5', 'SMI_USB_DISK-0:0']
['/locker/usb-monitor.py', '1', 'remove', '2', '3', 'USB_DISK', '4', 'SMI', '5', 'SMI_USB_DISK-0:0']
['/locker/usb-monitor.py', '1', 'remove', '2', '3', 'USB_DISK', '4', 'SMI', '5', 'SMI_USB_DISK-0:0']
['/locker/usb-monitor.py', '1', 'remove', '2', '3', 'USB_DISK', '4', 'SMI', '5', 'SMI_USB_DISK-0:0']
['/locker/usb-monitor.py', '1', 'remove', '2', '3', 'USB_DISK', '4', 'SMI', '5', 'SMI_USB_DISK-0:0']
['/locker/usb-monitor.py', '1', 'remove', '2', '3', 'USB_DISK', '4', 'SMI', '5', 'SMI_USB_DISK-0:0']
['/locker/usb-monitor.py', '1', 'remove', '2', '3', 'USB_DISK', '4', 'SMI', '5', 'SMI_USB_DISK-0:0']
['/locker/usb-monitor.py', '1', 'remove', '2', '3', 'USB_DISK', '4', 'SMI', '5', 'SMI_USB_DISK-0:0']
['/locker/usb-monitor.py', '1', 'add', '2', '3', 'USB_DISK', '4', 'SMI', '5', 'SMI_USB_DISK-0:0']
['/locker/usb-monitor.py', '1', 'add', '2', '3', 'USB_DISK', '4', 'SMI', '5', 'SMI_USB_DISK-0:0']
['/locker/usb-monitor.py', '1', 'remove', '2', '3', 'USB_DISK', '4', 'SMI', '5', 'SMI_USB_DISK-0:0']
['/locker/usb-monitor.py', '1', 'remove', '2', '3', 'USB_DISK', '4', 'SMI', '5', 'SMI_USB_DISK-0:0']
['/locker/usb-monitor.py', '1', 'remove', '2', '3', 'USB_DISK', '4', 'SMI', '5', 'SMI_USB_DISK-0:0']
['/locker/usb-monitor.py', '1', 'remove', '2', '3', 'USB_DISK', '4', 'SMI', '5', 'SMI_USB_DISK-0:0']
['/locker/usb-monitor.py', '1', 'remove', '2', '3', 'USB_DISK', '4', 'SMI', '5', 'SMI_USB_DISK-0:0']
['/locker/usb-monitor.py', '1', 'remove', '2', '3', 'USB_DISK', '4', 'SMI', '5', 'SMI_USB_DISK-0:0']
['/locker/usb-monitor.py', '1', 'remove', '2', '3', 'USB_DISK', '4', 'SMI', '5', 'SMI_USB_DISK-0:0']
['/locker/usb-monitor.py', '1', 'remove', '2', '3', 'USB_DISK', '4', 'SMI', '5', 'SMI_USB_DISK-0:0']
['/locker/usb-monitor.py', '1', 'add', '2', '3', 'USB_DISK', '4', 'SMI', '5', 'SMI_USB_DISK-0:0', '6/dev/sdb']
['/locker/usb-monitor.py', '1', 'add', '2', '3', 'USB_DISK', '4', 'SMI', '5', 'SMI_USB_DISK-0:0', '6/dev/sdb1']
['/locker/usb-monitor.py', '1', 'remove', '2', '3', 'USB_DISK', '4', 'SMI', '5', 'SMI_USB_DISK-0:0']
['/locker/usb-monitor.py', '1', 'remove', '2', '3', 'USB_DISK', '4', 'SMI', '5', 'SMI_USB_DISK-0:0']
['/locker/usb-monitor.py', '1', 'add', '2', '3', 'USB_DISK', '4', 'SMI', '5', 'SMI_USB_DISK-0:0', '6', '/dev/sdb', '7', 'usb']
['/locker/usb-monitor.py', '1', 'add', '2', '3', 'USB_DISK', '4', 'SMI', '5', 'SMI_USB_DISK-0:0', '6', '/dev/sdb1', '7', 'usb']
['/locker/usb-monitor.py', '1', 'remove', '2', '3', 'USB_DISK', '4', 'SMI', '5', 'SMI_USB_DISK-0:0']
['/locker/usb-monitor.py', '1', 'remove', '2', '3', 'USB_DISK', '4', 'SMI', '5', 'SMI_USB_DISK-0:0']
['/locker/usb-monitor.py', '1', 'remove', '2', '3', 'USB_DISK', '4', 'SMI', '5', 'SMI_USB_DISK-0:0']
['/locker/usb-monitor.py', '1', 'remove', '2', '3', 'USB_DISK', '4', 'SMI', '5', 'SMI_USB_DISK-0:0']
['/locker/usb-monitor.py', '1', 'remove', '2', '3', 'USB_DISK', '4', 'SMI', '5', 'SMI_USB_DISK-0:0']
['/locker/usb-monitor.py', '1', 'remove', '2', '3', 'USB_DISK', '4', 'SMI', '5', 'SMI_USB_DISK-0:0']
['/locker/usb-monitor.py', '1', 'add', '2', '3', 'USB_DISK', '4', 'SMI', '5', 'SMI_USB_DISK-0:0', '6', '/dev/sdb', '7', '/devices/platform/bcm2708_usb/usb1/1-1/1-1.2/1-1.2.2/1-1.2.2:1.0/host48/target48:0:0/48:0:0:0/block/sdb']
['/locker/usb-monitor.py', '1', 'add', '2', '3', 'USB_DISK', '4', 'SMI', '5', 'SMI_USB_DISK-0:0', '6', '/dev/sdb1', '7', '/devices/platform/bcm2708_usb/usb1/1-1/1-1.2/1-1.2.2/1-1.2.2:1.0/host48/target48:0:0/48:0:0:0/block/sdb/sdb1']
['/locker/usb-monitor.py', '1', 'remove', '2', '3', 'USB_DISK', '4', 'SMI', '5', 'SMI_USB_DISK-0:0']
['/locker/usb-monitor.py', '1', 'remove', '2', '3', 'USB_DISK', '4', 'SMI', '5', 'SMI_USB_DISK-0:0']
['/locker/usb-monitor.py', '1', 'add', '2', '3', 'USB_DISK', '4', 'SMI', '5', 'SMI_USB_DISK-0:0', '6', '/dev/sdb', '7', '/devices/platform/bcm2708_usb/usb1/1-1/1-1.2/1-1.2.1/1-1.2.1:1.0/host49/target49:0:0/49:0:0:0/block/sdb']
['/locker/usb-monitor.py', '1', 'add', '2', '3', 'USB_DISK', '4', 'SMI', '5', 'SMI_USB_DISK-0:0', '6', '/dev/sdb1', '7', '/devices/platform/bcm2708_usb/usb1/1-1/1-1.2/1-1.2.1/1-1.2.1:1.0/host49/target49:0:0/49:0:0:0/block/sdb/sdb1']
['/locker/usb-monitor.py', '1', 'remove', '2', '3', 'USB_DISK', '4', 'SMI', '5', 'SMI_USB_DISK-0:0']
['/locker/usb-monitor.py', '1', 'remove', '2', '3', 'USB_DISK', '4', 'SMI', '5', 'SMI_USB_DISK-0:0']
['/locker/usb-monitor.py', '1', 'remove', '2', '3', 'USB_DISK', '4', 'SMI', '5', 'SMI_USB_DISK-0:0']
['/locker/usb-monitor.py', '1', 'remove', '2', '3', 'USB_DISK', '4', 'SMI', '5', 'SMI_USB_DISK-0:0']
['/locker/usb-monitor.py', '1', 'add', '2', '3', 'USB_DISK', '4', 'SMI', '5', 'SMI_USB_DISK-0:0', '6', '/dev/sda', '7', '/devices/platform/bcm2708_usb/usb1/1-1/1-1.2/1-1.2.2/1-1.2.2:1.0/host50/target50:0:0/50:0:0:0/block/sda']
['/locker/usb-monitor.py', '1', 'add', '2', '3', 'USB_DISK', '4', 'SMI', '5', 'SMI_USB_DISK-0:0', '6', '/dev/sda1', '7', '/devices/platform/bcm2708_usb/usb1/1-1/1-1.2/1-1.2.2/1-1.2.2:1.0/host50/target50:0:0/50:0:0:0/block/sda/sda1']
['/locker/usb-monitor.py', '1', 'remove', '2', '3', 'USB_DISK', '4', 'SMI', '5', 'SMI_USB_DISK-0:0']
['/locker/usb-monitor.py', '1', 'remove', '2', '3', 'USB_DISK', '4', 'SMI', '5', 'SMI_USB_DISK-0:0']
['/locker/usb-monitor.py', '1', 'add', '2', '3', 'USB_DISK', '4', 'SMI', '5', 'SMI_USB_DISK-0:0', '6', '/dev/sda', '7', '/devices/platform/bcm2708_usb/usb1/1-1/1-1.2/1-1.2.1/1-1.2.1:1.0/host51/target51:0:0/51:0:0:0/block/sda']
['/locker/usb-monitor.py', '1', 'add', '2', '3', 'USB_DISK', '4', 'SMI', '5', 'SMI_USB_DISK-0:0', '6', '/dev/sda1', '7', '/devices/platform/bcm2708_usb/usb1/1-1/1-1.2/1-1.2.1/1-1.2.1:1.0/host51/target51:0:0/51:0:0:0/block/sda/sda1']
['/locker/usb-monitor.py', '1', 'remove', '2', '3', 'USB_DISK', '4', 'SMI', '5', 'SMI_USB_DISK-0:0']
['/locker/usb-monitor.py', '1', 'remove', '2', '3', 'USB_DISK', '4', 'SMI', '5', 'SMI_USB_DISK-0:0']
['/locker/usb-monitor.py', '1', 'add', '2', '3', 'USB_DISK', '4', 'SMI', '5', 'SMI_USB_DISK-0:0', '6', '/dev/sda', '7', '/devices/platform/bcm2708_usb/usb1/1-1/1-1.2/1-1.2.3/1-1.2.3:1.0/host52/target52:0:0/52:0:0:0/block/sda']
['/locker/usb-monitor.py', '1', 'add', '2', '3', 'USB_DISK', '4', 'SMI', '5', 'SMI_USB_DISK-0:0', '6', '/dev/sda1', '7', '/devices/platform/bcm2708_usb/usb1/1-1/1-1.2/1-1.2.3/1-1.2.3:1.0/host52/target52:0:0/52:0:0:0/block/sda/sda1']
['/locker/usb-monitor.py', '1', 'remove', '2', '3', 'USB_DISK', '4', 'SMI', '5', 'SMI_USB_DISK-0:0']
['/locker/usb-monitor.py', '1', 'remove', '2', '3', 'USB_DISK', '4', 'SMI', '5', 'SMI_USB_DISK-0:0']
['/locker/usb-monitor.py', '1', 'add', '2', '3', 'USB_DISK', '4', 'SMI', '5', 'SMI_USB_DISK-0:0', '6', '/dev/sda', '7', '/devices/platform/bcm2708_usb/usb1/1-1/1-1.2/1-1.2.4/1-1.2.4:1.0/host53/target53:0:0/53:0:0:0/block/sda']
['/locker/usb-monitor.py', '1', 'add', '2', '3', 'USB_DISK', '4', 'SMI', '5', 'SMI_USB_DISK-0:0', '6', '/dev/sda1', '7', '/devices/platform/bcm2708_usb/usb1/1-1/1-1.2/1-1.2.4/1-1.2.4:1.0/host53/target53:0:0/53:0:0:0/block/sda/sda1']
['/locker/usb-monitor.py', '1', 'remove', '2', '3', 'USB_DISK', '4', 'SMI', '5', 'SMI_USB_DISK-0:0']
['/locker/usb-monitor.py', '1', 'remove', '2', '3', 'USB_DISK', '4', 'SMI', '5', 'SMI_USB_DISK-0:0']
['/locker/usb-monitor.py', '1', 'add', '2', '3', 'USB_DISK', '4', 'SMI', '5', 'SMI_USB_DISK-0:0', '6', '/dev/sda', '7', '/devices/platform/bcm2708_usb/usb1/1-1/1-1.2/1-1.2.1/1-1.2.1.1/1-1.2.1.1.3/1-1.2.1.1.3:1.0/host54/target54:0:0/54:0:0:0/block/sda']
['/locker/usb-monitor.py', '1', 'add', '2', '3', 'USB_DISK', '4', 'SMI', '5', 'SMI_USB_DISK-0:0', '6', '/dev/sda1', '7', '/devices/platform/bcm2708_usb/usb1/1-1/1-1.2/1-1.2.1/1-1.2.1.1/1-1.2.1.1.3/1-1.2.1.1.3:1.0/host54/target54:0:0/54:0:0:0/block/sda/sda1']
['/locker/usb-monitor.py', '1', 'remove', '2', '3', 'USB_DISK', '4', 'SMI', '5', 'SMI_USB_DISK-0:0']
['/locker/usb-monitor.py', '1', 'remove', '2', '3', 'USB_DISK', '4', 'SMI', '5', 'SMI_USB_DISK-0:0']
['/locker/usb-monitor.py', 'add', '/dev/sda', '/devices/platform/bcm2708_usb/usb1/1-1/1-1.2/1-1.2.1/1-1.2.1.1/1-1.2.1.1.3/1-1.2.1.1.3:1.0/host55/target55:0:0/55:0:0:0/block/sda']
['/locker/usb-monitor.py', 'add', '/dev/sda1', '/devices/platform/bcm2708_usb/usb1/1-1/1-1.2/1-1.2.1/1-1.2.1.1/1-1.2.1.1.3/1-1.2.1.1.3:1.0/host55/target55:0:0/55:0:0:0/block/sda/sda1']
['/locker/usb-monitor.py', '1', 'remove', '2', '3', 'USB_DISK', '4', 'SMI', '5', 'SMI_USB_DISK-0:0']
['/locker/usb-monitor.py', '1', 'remove', '2', '3', 'USB_DISK', '4', 'SMI', '5', 'SMI_USB_DISK-0:0']
['/locker/usb-monitor.py', 'add', '/dev/sda', '/devices/platform/bcm2708_usb/usb1/1-1/1-1.3/1-1.3:1.0/host56/target56:0:0/56:0:0:0/block/sda']
['/locker/usb-monitor.py', 'add', '/dev/sda1', '/devices/platform/bcm2708_usb/usb1/1-1/1-1.3/1-1.3:1.0/host56/target56:0:0/56:0:0:0/block/sda/sda1']
['/locker/usb-monitor.py', 'add', '/dev/sdb', '/devices/platform/bcm2708_usb/usb1/1-1/1-1.2/1-1.2.4/1-1.2.4:1.0/host57/target57:0:0/57:0:0:0/block/sdb']
['/locker/usb-monitor.py', 'add', '/dev/sdb1', '/devices/platform/bcm2708_usb/usb1/1-1/1-1.2/1-1.2.4/1-1.2.4:1.0/host57/target57:0:0/57:0:0:0/block/sdb/sdb1']
['/locker/usb-monitor.py', 'add', '/dev/sdc', '/devices/platform/bcm2708_usb/usb1/1-1/1-1.2/1-1.2.1/1-1.2.1.2/1-1.2.1.2:1.0/host58/target58:0:0/58:0:0:0/block/sdc']
['/locker/usb-monitor.py', 'add', '/dev/sdc1', '/devices/platform/bcm2708_usb/usb1/1-1/1-1.2/1-1.2.1/1-1.2.1.2/1-1.2.1.2:1.0/host58/target58:0:0/58:0:0:0/block/sdc/sdc1']
['/locker/usb-monitor.py', '1', 'remove', '2', '3', 'USB_DISK', '4', 'SMI', '5', 'SMI_USB_DISK-0:0']
['/locker/usb-monitor.py', '1', 'remove', '2', '3', 'USB_DISK', '4', 'SMI', '5', 'SMI_USB_DISK-0:0']
['/locker/usb-monitor.py', 'add', '/dev/sdc', '/devices/platform/bcm2708_usb/usb1/1-1/1-1.2/1-1.2.1/1-1.2.1.2/1-1.2.1.2:1.0/host59/target59:0:0/59:0:0:0/block/sdc']
['/locker/usb-monitor.py', 'add', '/dev/sde', '/devices/platform/bcm2708_usb/usb1/1-1/1-1.2/1-1.2.1/1-1.2.1.1/1-1.2.1.1.1/1-1.2.1.1.1:1.0/host61/target61:0:0/61:0:0:0/block/sde']
['/locker/usb-monitor.py', 'add', '/dev/sdc1', '/devices/platform/bcm2708_usb/usb1/1-1/1-1.2/1-1.2.1/1-1.2.1.2/1-1.2.1.2:1.0/host59/target59:0:0/59:0:0:0/block/sdc/sdc1']
['/locker/usb-monitor.py', 'add', '/dev/sde1', '/devices/platform/bcm2708_usb/usb1/1-1/1-1.2/1-1.2.1/1-1.2.1.1/1-1.2.1.1.1/1-1.2.1.1.1:1.0/host61/target61:0:0/61:0:0:0/block/sde/sde1']
['/locker/usb-monitor.py', '1', 'remove', '2', '3', 'USB_DISK', '4', 'SMI', '5', 'SMI_USB_DISK-0:0']
['/locker/usb-monitor.py', '1', 'remove', '2', '3', 'USB_DISK', '4', 'SMI', '5', 'SMI_USB_DISK-0:0']
['/locker/usb-monitor.py', 'add', '/dev/sdd', '/devices/platform/bcm2708_usb/usb1/1-1/1-1.2/1-1.2.1/1-1.2.1.4/1-1.2.1.4:1.0/host60/target60:0:0/60:0:0:0/block/sdd']
['/locker/usb-monitor.py', 'add', '/dev/sdd1', '/devices/platform/bcm2708_usb/usb1/1-1/1-1.2/1-1.2.1/1-1.2.1.4/1-1.2.1.4:1.0/host60/target60:0:0/60:0:0:0/block/sdd/sdd1']
['/locker/usb-monitor.py', '1', 'remove', '2', '3', 'USB_DISK', '4', 'SMI', '5', 'SMI_USB_DISK-0:0']
['/locker/usb-monitor.py', 'add', '/dev/sda', '/devices/platform/bcm2708_usb/usb1/1-1/1-1.2/1-1.2.3/1-1.2.3:1.0/host62/target62:0:0/62:0:0:0/block/sda']
['/locker/usb-monitor.py', 'add', '/dev/sda1', '/devices/platform/bcm2708_usb/usb1/1-1/1-1.2/1-1.2.3/1-1.2.3:1.0/host62/target62:0:0/62:0:0:0/block/sda/sda1']
['/locker/usb-monitor.py', '1', 'remove', '2', '3', 'USB_DISK', '4', 'SMI', '5', 'SMI_USB_DISK-0:0']
['/locker/usb-monitor.py', '1', 'remove', '2', '3', 'USB_DISK', '4', 'SMI', '5', 'SMI_USB_DISK-0:0']
['/locker/usb-monitor.py', '1', 'remove', '2', '3', 'USB_DISK', '4', 'SMI', '5', 'SMI_USB_DISK-0:0']
['/locker/usb-monitor.py', '1', 'remove', '2', '3', 'USB_DISK', '4', 'SMI', '5', 'SMI_USB_DISK-0:0']
['/locker/usb-monitor.py', '1', 'remove', '2', '3', 'USB_DISK', '4', 'SMI', '5', 'SMI_USB_DISK-0:0']
['/locker/usb-monitor.py', '1', 'remove', '2', '3', 'USB_DISK', '4', 'SMI', '5', 'SMI_USB_DISK-0:0']
['/locker/usb-monitor.py', '1', 'remove', '2', '3', 'USB_DISK', '4', 'SMI', '5', 'SMI_USB_DISK-0:0']
['/locker/usb-monitor.py', '1', 'remove', '2', '3', 'USB_DISK', '4', 'SMI', '5', 'SMI_USB_DISK-0:0']
['/locker/usb-monitor.py', 'add', '/dev/sda', '/devices/platform/bcm2708_usb/usb1/1-1/1-1.2/1-1.2.1/1-1.2.1.4/1-1.2.1.4:1.0/host63/target63:0:0/63:0:0:0/block/sda']
['/locker/usb-monitor.py', 'add', '/dev/sda1', '/devices/platform/bcm2708_usb/usb1/1-1/1-1.2/1-1.2.1/1-1.2.1.4/1-1.2.1.4:1.0/host63/target63:0:0/63:0:0:0/block/sda/sda1']
['/locker/usb-monitor.py', 'add', '/dev/sdb', '/devices/platform/bcm2708_usb/usb1/1-1/1-1.2/1-1.2.1/1-1.2.1.2/1-1.2.1.2:1.0/host64/target64:0:0/64:0:0:0/block/sdb']
['/locker/usb-monitor.py', 'add', '/dev/sdb1', '/devices/platform/bcm2708_usb/usb1/1-1/1-1.2/1-1.2.1/1-1.2.1.2/1-1.2.1.2:1.0/host64/target64:0:0/64:0:0:0/block/sdb/sdb1']
['/locker/usb-monitor.py', 'add', '/dev/sdc', '/devices/platform/bcm2708_usb/usb1/1-1/1-1.2/1-1.2.1/1-1.2.1.1/1-1.2.1.1.4/1-1.2.1.1.4:1.0/host65/target65:0:0/65:0:0:0/block/sdc']
['/locker/usb-monitor.py', 'add', '/dev/sdc1', '/devices/platform/bcm2708_usb/usb1/1-1/1-1.2/1-1.2.1/1-1.2.1.1/1-1.2.1.1.4/1-1.2.1.1.4:1.0/host65/target65:0:0/65:0:0:0/block/sdc/sdc1']
['/locker/usb-monitor.py', '1', 'remove', '2', '3', 'USB_2.0_Hub', '4', '1a40', '5', '1a40_USB_2.0_Hub']
['/locker/usb-monitor.py', '1', 'remove', '2', '3', 'USB_DISK', '4', 'SMI', '5', 'SMI_USB_DISK-0:0']
['/locker/usb-monitor.py', '1', 'remove', '2', '3', 'USB_DISK', '4', 'SMI', '5', 'SMI_USB_DISK-0:0']
['/locker/usb-monitor.py', '1', 'remove', '2', '3', 'USB_DISK', '4', 'SMI', '5', 'SMI_USB_DISK-0:0']
['/locker/usb-monitor.py', '1', 'remove', '2', '3', 'USB_DISK', '4', 'SMI', '5', 'SMI_USB_DISK-0:0']
['/locker/usb-monitor.py', '1', 'remove', '2', '3', 'USB_DISK', '4', 'SMI', '5', 'SMI_USB_DISK-0:0']
['/locker/usb-monitor.py', 'add', '/dev/sda', '/devices/platform/bcm2708_usb/usb1/1-1/1-1.2/1-1.2.2/1-1.2.2:1.0/host67/target67:0:0/67:0:0:0/block/sda']
['/locker/usb-monitor.py', 'add', '/dev/sda1', '/devices/platform/bcm2708_usb/usb1/1-1/1-1.2/1-1.2.2/1-1.2.2:1.0/host67/target67:0:0/67:0:0:0/block/sda/sda1']
['/locker/usb-monitor.py', 'add', '/dev/sdb', '/devices/platform/bcm2708_usb/usb1/1-1/1-1.2/1-1.2.1/1-1.2.1:1.0/host68/target68:0:0/68:0:0:0/block/sdb']
['/locker/usb-monitor.py', 'add', '/dev/sdb1', '/devices/platform/bcm2708_usb/usb1/1-1/1-1.2/1-1.2.1/1-1.2.1:1.0/host68/target68:0:0/68:0:0:0/block/sdb/sdb1']
['/locker/usb-monitor.py', 'add', '/dev/sdc', '/devices/platform/bcm2708_usb/usb1/1-1/1-1.2/1-1.2.3/1-1.2.3:1.0/host69/target69:0:0/69:0:0:0/block/sdc']
['/locker/usb-monitor.py', 'add', '/dev/sdc1', '/devices/platform/bcm2708_usb/usb1/1-1/1-1.2/1-1.2.3/1-1.2.3:1.0/host69/target69:0:0/69:0:0:0/block/sdc/sdc1']
['/locker/usb-monitor.py', 'add', '/dev/sdd', '/devices/platform/bcm2708_usb/usb1/1-1/1-1.2/1-1.2.4/1-1.2.4:1.0/host70/target70:0:0/70:0:0:0/block/sdd']
['/locker/usb-monitor.py', 'add', '/dev/sdd1', '/devices/platform/bcm2708_usb/usb1/1-1/1-1.2/1-1.2.4/1-1.2.4:1.0/host70/target70:0:0/70:0:0:0/block/sdd/sdd1']
['/locker/usb-monitor.py', '1', 'remove', '2', '3', 'USB_DISK', '4', 'SMI', '5', 'SMI_USB_DISK-0:0']
['/locker/usb-monitor.py', '1', 'remove', '2', '3', 'USB_DISK', '4', 'SMI', '5', 'SMI_USB_DISK-0:0']
['/locker/usb-monitor.py', '1', 'remove', '2', '3', 'USB_DISK', '4', 'SMI', '5', 'SMI_USB_DISK-0:0']
['/locker/usb-monitor.py', '1', 'remove', '2', '3', 'USB_DISK', '4', 'SMI', '5', 'SMI_USB_DISK-0:0']
['/locker/usb-monitor.py', '1', 'remove', '2', '3', 'USB_DISK', '4', 'SMI', '5', 'SMI_USB_DISK-0:0']
['/locker/usb-monitor.py', '1', 'remove', '2', '3', 'USB_DISK', '4', 'SMI', '5', 'SMI_USB_DISK-0:0']
['/locker/usb-monitor.py', '1', 'remove', '2', '3', 'USB_DISK', '4', 'SMI', '5', 'SMI_USB_DISK-0:0']
['/locker/usb-monitor.py', '1', 'remove', '2', '3', 'USB_DISK', '4', 'SMI', '5', 'SMI_USB_DISK-0:0']
['/locker/usb-monitor.py', 'add', '/dev/sda', '/devices/platform/bcm2708_usb/usb1/1-1/1-1.2/1-1.2.1/1-1.2.1:1.0/host71/target71:0:0/71:0:0:0/block/sda']
['/locker/usb-monitor.py', 'add', '/dev/sda1', '/devices/platform/bcm2708_usb/usb1/1-1/1-1.2/1-1.2.1/1-1.2.1:1.0/host71/target71:0:0/71:0:0:0/block/sda/sda1']
['/locker/usb-monitor.py', 'add', '/dev/ram14', '/devices/virtual/block/ram14']
['/locker/usb-monitor.py', 'add', '/dev/ram1', '/devices/virtual/block/ram1']
['/locker/usb-monitor.py', 'add', '/dev/ram4', '/devices/virtual/block/ram4']
['/locker/usb-monitor.py', 'add', '/dev/ram12', '/devices/virtual/block/ram12']
['/locker/usb-monitor.py', 'add', '/dev/ram15', '/devices/virtual/block/ram15']
['/locker/usb-monitor.py', 'add', '/dev/ram13', '/devices/virtual/block/ram13']
['/locker/usb-monitor.py', 'add', '/dev/ram2', '/devices/virtual/block/ram2']
['/locker/usb-monitor.py', 'add', '/dev/ram11', '/devices/virtual/block/ram11']
['/locker/usb-monitor.py', 'add', '/dev/loop2', '/devices/virtual/block/loop2']
['/locker/usb-monitor.py', 'add', '/dev/ram6', '/devices/virtual/block/ram6']
['/locker/usb-monitor.py', 'add', '/dev/loop7', '/devices/virtual/block/loop7']
['/locker/usb-monitor.py', 'add', '/dev/ram3', '/devices/virtual/block/ram3']
['/locker/usb-monitor.py', 'add', '/dev/ram10', '/devices/virtual/block/ram10']
['/locker/usb-monitor.py', 'add', '/dev/ram0', '/devices/virtual/block/ram0']
['/locker/usb-monitor.py', 'add', '/dev/loop5', '/devices/virtual/block/loop5']
['/locker/usb-monitor.py', 'add', '/dev/ram5', '/devices/virtual/block/ram5']
['/locker/usb-monitor.py', 'add', '/dev/ram7', '/devices/virtual/block/ram7']
['/locker/usb-monitor.py', 'add', '/dev/ram9', '/devices/virtual/block/ram9']
['/locker/usb-monitor.py', 'add', '/dev/loop1', '/devices/virtual/block/loop1']
['/locker/usb-monitor.py', 'add', '/dev/ram8', '/devices/virtual/block/ram8']
['/locker/usb-monitor.py', 'add', '/dev/loop3', '/devices/virtual/block/loop3']
['/locker/usb-monitor.py', 'add', '/dev/loop0', '/devices/virtual/block/loop0']
['/locker/usb-monitor.py', 'add', '/dev/loop6', '/devices/virtual/block/loop6']
['/locker/usb-monitor.py', 'add', '/dev/mmcblk0', '/devices/platform/mmc_host/mmc0/mmc0:0002/block/mmcblk0']
['/locker/usb-monitor.py', 'add', '/dev/loop4', '/devices/virtual/block/loop4']
['/locker/usb-monitor.py', 'add', '/dev/mmcblk0p1', '/devices/platform/mmc_host/mmc0/mmc0:0002/block/mmcblk0/mmcblk0p1']
['/locker/usb-monitor.py', 'add', '/dev/mmcblk0p2', '/devices/platform/mmc_host/mmc0/mmc0:0002/block/mmcblk0/mmcblk0p2']
['/locker/usb-monitor.py', 'add', '/dev/sda', '/devices/platform/bcm2708_usb/usb1/1-1/1-1.2/1-1.2.1/1-1.2.1:1.0/host0/target0:0:0/0:0:0:0/block/sda']
['/locker/usb-monitor.py', 'add', '/dev/sda1', '/devices/platform/bcm2708_usb/usb1/1-1/1-1.2/1-1.2.1/1-1.2.1:1.0/host0/target0:0:0/0:0:0:0/block/sda/sda1']
